0    [XML-RPC-0] ERROR org.apache.xmlrpc.server.XmlRpcErrorLogger - Failed to invoke method execute in class com.nantic.jasperreports.JasperServer: net/sf/jasperreports/compilers/GroovyEvaluator
org.apache.xmlrpc.common.XmlRpcInvocationException: Failed to invoke method execute in class com.nantic.jasperreports.JasperServer: net/sf/jasperreports/compilers/GroovyEvaluator
	at org.apache.xmlrpc.server.ReflectiveXmlRpcHandler.invoke(ReflectiveXmlRpcHandler.java:129)
	at org.apache.xmlrpc.server.ReflectiveXmlRpcHandler.execute(ReflectiveXmlRpcHandler.java:106)
	at org.apache.xmlrpc.server.XmlRpcServerWorker.execute(XmlRpcServerWorker.java:46)
	at org.apache.xmlrpc.server.XmlRpcServer.execute(XmlRpcServer.java:86)
	at org.apache.xmlrpc.server.XmlRpcStreamServer.execute(XmlRpcStreamServer.java:200)
	at org.apache.xmlrpc.webserver.Connection.run(Connection.java:208)
	at org.apache.xmlrpc.util.ThreadPool$Poolable$1.run(ThreadPool.java:68)
Caused by: java.lang.NoClassDefFoundError: net/sf/jasperreports/compilers/GroovyEvaluator
	at java.lang.ClassLoader.defineClass1(Native Method)
	at java.lang.ClassLoader.defineClass(ClassLoader.java:800)
	at net.sf.jasperreports.engine.util.JRClassLoader.loadClass(JRClassLoader.java:338)
	at net.sf.jasperreports.engine.util.JRClassLoader.loadClassFromBytes(JRClassLoader.java:261)
	at net.sf.jasperreports.engine.design.JRAbstractJavaCompiler.loadEvaluator(JRAbstractJavaCompiler.java:102)
	at net.sf.jasperreports.engine.design.JRAbstractCompiler.loadEvaluator(JRAbstractCompiler.java:333)
	at net.sf.jasperreports.engine.JasperCompileManager.getEvaluator(JasperCompileManager.java:265)
	at net.sf.jasperreports.engine.fill.JRFillDataset.createCalculator(JRFillDataset.java:457)
	at net.sf.jasperreports.engine.fill.JRBaseFiller.<init>(JRBaseFiller.java:379)
	at net.sf.jasperreports.engine.fill.JRVerticalFiller.<init>(JRVerticalFiller.java:88)
	at net.sf.jasperreports.engine.fill.JRVerticalFiller.<init>(JRVerticalFiller.java:103)
	at net.sf.jasperreports.engine.fill.JRVerticalFiller.<init>(JRVerticalFiller.java:61)
	at net.sf.jasperreports.engine.fill.JRFiller.createFiller(JRFiller.java:153)
	at net.sf.jasperreports.engine.fill.JRFiller.fill(JRFiller.java:82)
	at net.sf.jasperreports.engine.JasperFillManager.fill(JasperFillManager.java:653)
	at net.sf.jasperreports.engine.JasperFillManager.fillReport(JasperFillManager.java:969)
	at com.nantic.jasperreports.JasperServer.privateExecute(JasperServer.java:191)
	at com.nantic.jasperreports.JasperServer.execute(JasperServer.java:96)
	at sun.reflect.NativeMethodAccessorImpl.invoke0(Native Method)
	at sun.reflect.NativeMethodAccessorImpl.invoke(NativeMethodAccessorImpl.java:57)
	at sun.reflect.DelegatingMethodAccessorImpl.invoke(DelegatingMethodAccessorImpl.java:43)
	at java.lang.reflect.Method.invoke(Method.java:606)
	at org.apache.xmlrpc.server.ReflectiveXmlRpcHandler.invoke(ReflectiveXmlRpcHandler.java:115)
	... 6 more
Caused by: java.lang.ClassNotFoundException: net.sf.jasperreports.compilers.GroovyEvaluator
	at java.lang.ClassLoader.findClass(ClassLoader.java:531)
	at java.lang.ClassLoader.loadClass(ClassLoader.java:425)
	at java.lang.ClassLoader.loadClass(ClassLoader.java:358)
	... 29 more
Caused by:
java.lang.NoClassDefFoundError: net/sf/jasperreports/compilers/GroovyEvaluator
	at java.lang.ClassLoader.defineClass1(Native Method)
	at java.lang.ClassLoader.defineClass(ClassLoader.java:800)
	at net.sf.jasperreports.engine.util.JRClassLoader.loadClass(JRClassLoader.java:338)
	at net.sf.jasperreports.engine.util.JRClassLoader.loadClassFromBytes(JRClassLoader.java:261)
	at net.sf.jasperreports.engine.design.JRAbstractJavaCompiler.loadEvaluator(JRAbstractJavaCompiler.java:102)
	at net.sf.jasperreports.engine.design.JRAbstractCompiler.loadEvaluator(JRAbstractCompiler.java:333)
	at net.sf.jasperreports.engine.JasperCompileManager.getEvaluator(JasperCompileManager.java:265)
	at net.sf.jasperreports.engine.fill.JRFillDataset.createCalculator(JRFillDataset.java:457)
	at net.sf.jasperreports.engine.fill.JRBaseFiller.<init>(JRBaseFiller.java:379)
	at net.sf.jasperreports.engine.fill.JRVerticalFiller.<init>(JRVerticalFiller.java:88)
	at net.sf.jasperreports.engine.fill.JRVerticalFiller.<init>(JRVerticalFiller.java:103)
	at net.sf.jasperreports.engine.fill.JRVerticalFiller.<init>(JRVerticalFiller.java:61)
	at net.sf.jasperreports.engine.fill.JRFiller.createFiller(JRFiller.java:153)
	at net.sf.jasperreports.engine.fill.JRFiller.fill(JRFiller.java:82)
	at net.sf.jasperreports.engine.JasperFillManager.fill(JasperFillManager.java:653)
	at net.sf.jasperreports.engine.JasperFillManager.fillReport(JasperFillManager.java:969)
	at com.nantic.jasperreports.JasperServer.privateExecute(JasperServer.java:191)
	at com.nantic.jasperreports.JasperServer.execute(JasperServer.java:96)
	at sun.reflect.NativeMethodAccessorImpl.invoke0(Native Method)
	at sun.reflect.NativeMethodAccessorImpl.invoke(NativeMethodAccessorImpl.java:57)
	at sun.reflect.DelegatingMethodAccessorImpl.invoke(DelegatingMethodAccessorImpl.java:43)
	at java.lang.reflect.Method.invoke(Method.java:606)
	at org.apache.xmlrpc.server.ReflectiveXmlRpcHandler.invoke(ReflectiveXmlRpcHandler.java:115)
	at org.apache.xmlrpc.server.ReflectiveXmlRpcHandler.execute(ReflectiveXmlRpcHandler.java:106)
	at org.apache.xmlrpc.server.XmlRpcServerWorker.execute(XmlRpcServerWorker.java:46)
	at org.apache.xmlrpc.server.XmlRpcServer.execute(XmlRpcServer.java:86)
	at org.apache.xmlrpc.server.XmlRpcStreamServer.execute(XmlRpcStreamServer.java:200)
	at org.apache.xmlrpc.webserver.Connection.run(Connection.java:208)
	at org.apache.xmlrpc.util.ThreadPool$Poolable$1.run(ThreadPool.java:68)
Caused by: java.lang.ClassNotFoundException: net.sf.jasperreports.compilers.GroovyEvaluator
	at java.lang.ClassLoader.findClass(ClassLoader.java:531)
	at java.lang.ClassLoader.loadClass(ClassLoader.java:425)
	at java.lang.ClassLoader.loadClass(ClassLoader.java:358)
	... 29 more
1    [XML-RPC-0] ERROR org.apache.xmlrpc.server.XmlRpcErrorLogger - Failed to invoke method execute in class com.nantic.jasperreports.JasperServer: Resource not found at : nullcontrol_part_packing.jasper
org.apache.xmlrpc.common.XmlRpcInvocationException: Failed to invoke method execute in class com.nantic.jasperreports.JasperServer: Resource not found at : nullcontrol_part_packing.jasper
	at org.apache.xmlrpc.server.ReflectiveXmlRpcHandler.invoke(ReflectiveXmlRpcHandler.java:129)
	at org.apache.xmlrpc.server.ReflectiveXmlRpcHandler.execute(ReflectiveXmlRpcHandler.java:106)
	at org.apache.xmlrpc.server.XmlRpcServerWorker.execute(XmlRpcServerWorker.java:46)
	at org.apache.xmlrpc.server.XmlRpcServer.execute(XmlRpcServer.java:86)
	at org.apache.xmlrpc.server.XmlRpcStreamServer.execute(XmlRpcStreamServer.java:200)
	at org.apache.xmlrpc.webserver.Connection.run(Connection.java:208)
	at org.apache.xmlrpc.util.ThreadPool$Poolable$1.run(ThreadPool.java:68)
Caused by: net.sf.jasperreports.engine.JRException: Resource not found at : nullcontrol_part_packing.jasper
	at net.sf.jasperreports.repo.RepositoryUtil.getResourceFromLocation(RepositoryUtil.java:255)
	at net.sf.jasperreports.repo.RepositoryUtil.getReport(RepositoryUtil.java:208)
	at net.sf.jasperreports.engine.fill.JRFillSubreport.evaluateReport(JRFillSubreport.java:328)
	at net.sf.jasperreports.engine.fill.JRFillSubreport.evaluateSubreport(JRFillSubreport.java:361)
	at net.sf.jasperreports.engine.fill.JRFillSubreport.evaluate(JRFillSubreport.java:286)
	at net.sf.jasperreports.engine.fill.JRFillElementContainer.evaluate(JRFillElementContainer.java:259)
	at net.sf.jasperreports.engine.fill.JRFillBand.evaluate(JRFillBand.java:459)
	at net.sf.jasperreports.engine.fill.JRVerticalFiller.fillSummaryNoLastFooterSamePage(JRVerticalFiller.java:1090)
	at net.sf.jasperreports.engine.fill.JRVerticalFiller.fillSummary(JRVerticalFiller.java:1055)
	at net.sf.jasperreports.engine.fill.JRVerticalFiller.fillReportEnd(JRVerticalFiller.java:319)
	at net.sf.jasperreports.engine.fill.JRVerticalFiller.fillReport(JRVerticalFiller.java:158)
	at net.sf.jasperreports.engine.fill.JRBaseFiller.fill(JRBaseFiller.java:909)
	at net.sf.jasperreports.engine.fill.JRBaseFiller.fill(JRBaseFiller.java:841)
	at net.sf.jasperreports.engine.fill.JRFiller.fill(JRFiller.java:88)
	at net.sf.jasperreports.engine.JasperFillManager.fill(JasperFillManager.java:653)
	at net.sf.jasperreports.engine.JasperFillManager.fillReport(JasperFillManager.java:969)
	at com.nantic.jasperreports.JasperServer.privateExecute(JasperServer.java:191)
	at com.nantic.jasperreports.JasperServer.execute(JasperServer.java:96)
	at sun.reflect.NativeMethodAccessorImpl.invoke0(Native Method)
	at sun.reflect.NativeMethodAccessorImpl.invoke(NativeMethodAccessorImpl.java:57)
	at sun.reflect.DelegatingMethodAccessorImpl.invoke(DelegatingMethodAccessorImpl.java:43)
	at java.lang.reflect.Method.invoke(Method.java:606)
	at org.apache.xmlrpc.server.ReflectiveXmlRpcHandler.invoke(ReflectiveXmlRpcHandler.java:115)
	... 6 more
Caused by:
net.sf.jasperreports.engine.JRException: Resource not found at : nullcontrol_part_packing.jasper
	at net.sf.jasperreports.repo.RepositoryUtil.getResourceFromLocation(RepositoryUtil.java:255)
	at net.sf.jasperreports.repo.RepositoryUtil.getReport(RepositoryUtil.java:208)
	at net.sf.jasperreports.engine.fill.JRFillSubreport.evaluateReport(JRFillSubreport.java:328)
	at net.sf.jasperreports.engine.fill.JRFillSubreport.evaluateSubreport(JRFillSubreport.java:361)
	at net.sf.jasperreports.engine.fill.JRFillSubreport.evaluate(JRFillSubreport.java:286)
	at net.sf.jasperreports.engine.fill.JRFillElementContainer.evaluate(JRFillElementContainer.java:259)
	at net.sf.jasperreports.engine.fill.JRFillBand.evaluate(JRFillBand.java:459)
	at net.sf.jasperreports.engine.fill.JRVerticalFiller.fillSummaryNoLastFooterSamePage(JRVerticalFiller.java:1090)
	at net.sf.jasperreports.engine.fill.JRVerticalFiller.fillSummary(JRVerticalFiller.java:1055)
	at net.sf.jasperreports.engine.fill.JRVerticalFiller.fillReportEnd(JRVerticalFiller.java:319)
	at net.sf.jasperreports.engine.fill.JRVerticalFiller.fillReport(JRVerticalFiller.java:158)
	at net.sf.jasperreports.engine.fill.JRBaseFiller.fill(JRBaseFiller.java:909)
	at net.sf.jasperreports.engine.fill.JRBaseFiller.fill(JRBaseFiller.java:841)
	at net.sf.jasperreports.engine.fill.JRFiller.fill(JRFiller.java:88)
	at net.sf.jasperreports.engine.JasperFillManager.fill(JasperFillManager.java:653)
	at net.sf.jasperreports.engine.JasperFillManager.fillReport(JasperFillManager.java:969)
	at com.nantic.jasperreports.JasperServer.privateExecute(JasperServer.java:191)
	at com.nantic.jasperreports.JasperServer.execute(JasperServer.java:96)
	at sun.reflect.NativeMethodAccessorImpl.invoke0(Native Method)
	at sun.reflect.NativeMethodAccessorImpl.invoke(NativeMethodAccessorImpl.java:57)
	at sun.reflect.DelegatingMethodAccessorImpl.invoke(DelegatingMethodAccessorImpl.java:43)
	at java.lang.reflect.Method.invoke(Method.java:606)
	at org.apache.xmlrpc.server.ReflectiveXmlRpcHandler.invoke(ReflectiveXmlRpcHandler.java:115)
	at org.apache.xmlrpc.server.ReflectiveXmlRpcHandler.execute(ReflectiveXmlRpcHandler.java:106)
	at org.apache.xmlrpc.server.XmlRpcServerWorker.execute(XmlRpcServerWorker.java:46)
	at org.apache.xmlrpc.server.XmlRpcServer.execute(XmlRpcServer.java:86)
	at org.apache.xmlrpc.server.XmlRpcStreamServer.execute(XmlRpcStreamServer.java:200)
	at org.apache.xmlrpc.webserver.Connection.run(Connection.java:208)
	at org.apache.xmlrpc.util.ThreadPool$Poolable$1.run(ThreadPool.java:68)
